<?xml version="1.0" encoding="UTF-8"?>
<testsuite name="hello.hellospring.respository.MemoryMemberRepositoryTest" tests="1" skipped="0" failures="0" errors="0" timestamp="2022-10-17T04:47:31" hostname="DESKTOP-LH27VHP" time="0.058">
  <properties/>
  <testcase name="save()" classname="hello.hellospring.respository.MemoryMemberRepositoryTest" time="0.058"/>
  <system-out><![CDATA[]]></system-out>
  <system-err><![CDATA[]]></system-err>
</testsuite>
